[2022-03-19 22:37:44.382] [exthost] [info] extension host started
[2022-03-19 22:37:44.639] [exthost] [info] extension host started
[2022-03-19 22:37:44.713] [exthost] [info] ExtensionService#_doActivateExtension HookyQR.beautify {"startup":true,"extensionId":{"value":"HookyQR.beautify","_lower":"hookyqr.beautify"},"activationEvent":"*"}
[2022-03-19 22:37:44.714] [exthost] [info] ExtensionService#loadCommonJSModule file:///c:/WebSoft/eclipse/plugins/pack.core.win_3.6.0.202007171759/HookyQR.beautify-1.4.11/extension
[2022-03-19 22:37:44.832] [exthost] [info] ExtensionService#_doActivateExtension christian-kohler.path-intellisense {"startup":true,"extensionId":{"value":"christian-kohler.path-intellisense","_lower":"christian-kohler.path-intellisense"},"activationEvent":"*"}
[2022-03-19 22:37:44.832] [exthost] [info] ExtensionService#loadCommonJSModule file:///c:/WebSoft/eclipse/plugins/pack.core.win_3.6.0.202007171759/christian-kohler.path-intellisense-1.4.2/out/src/extension
[2022-03-19 22:37:44.851] [exthost] [info] ExtensionService#_doActivateExtension dbaeumer.vscode-eslint {"startup":true,"extensionId":{"value":"dbaeumer.vscode-eslint","_lower":"dbaeumer.vscode-eslint"},"activationEvent":"*"}
[2022-03-19 22:37:44.851] [exthost] [info] ExtensionService#loadCommonJSModule file:///c:/WebSoft/eclipse/plugins/pack.core.win_3.6.0.202007171759/dbaeumer.vscode-eslint-1.9.0/client/out/extension
[2022-03-19 22:37:44.871] [exthost] [info] ExtensionService#_doActivateExtension vscode.debug-auto-launch {"startup":true,"extensionId":{"value":"vscode.debug-auto-launch","_lower":"vscode.debug-auto-launch"},"activationEvent":"*"}
[2022-03-19 22:37:44.871] [exthost] [info] ExtensionService#loadCommonJSModule file:///c:/WebSoft/eclipse/plugins/com.genuitec.eclipse.code.engine.app.win32.x86_64_3.6.0.202002212104/engine/resources/app/extensions/debug-auto-launch/dist/extension
[2022-03-19 22:37:44.874] [exthost] [info] ExtensionService#_doActivateExtension vscode.emmet {"startup":true,"extensionId":{"value":"vscode.emmet","_lower":"vscode.emmet"},"activationEvent":"*"}
[2022-03-19 22:37:44.874] [exthost] [info] ExtensionService#loadCommonJSModule file:///c:/WebSoft/eclipse/plugins/com.genuitec.eclipse.code.engine.app.win32.x86_64_3.6.0.202002212104/engine/resources/app/extensions/emmet/dist/extension
[2022-03-19 22:37:44.900] [exthost] [info] ExtensionService#_doActivateExtension formulahendry.auto-close-tag {"startup":true,"extensionId":{"value":"formulahendry.auto-close-tag","_lower":"formulahendry.auto-close-tag"},"activationEvent":"*"}
[2022-03-19 22:37:44.900] [exthost] [info] ExtensionService#loadCommonJSModule file:///c:/WebSoft/eclipse/plugins/pack.core.win_3.6.0.202007171759/formulahendry.auto-close-tag-0.5.6/out/src/extension
[2022-03-19 22:37:44.922] [exthost] [info] eager extensions activated
[2022-03-19 22:37:44.927] [exthost] [info] ExtensionService#_doActivateExtension vscode.grunt {"startup":false,"extensionId":{"value":"vscode.grunt","_lower":"vscode.grunt"},"activationEvent":"onCommand:workbench.action.tasks.runTask"}
[2022-03-19 22:37:44.927] [exthost] [info] ExtensionService#loadCommonJSModule file:///c:/WebSoft/eclipse/plugins/com.genuitec.eclipse.code.engine.app.win32.x86_64_3.6.0.202002212104/engine/resources/app/extensions/grunt/dist/main
[2022-03-19 22:37:44.931] [exthost] [info] ExtensionService#_doActivateExtension vscode.gulp {"startup":false,"extensionId":{"value":"vscode.gulp","_lower":"vscode.gulp"},"activationEvent":"onCommand:workbench.action.tasks.runTask"}
[2022-03-19 22:37:44.931] [exthost] [info] ExtensionService#loadCommonJSModule file:///c:/WebSoft/eclipse/plugins/com.genuitec.eclipse.code.engine.app.win32.x86_64_3.6.0.202002212104/engine/resources/app/extensions/gulp/dist/main
[2022-03-19 22:37:44.936] [exthost] [info] ExtensionService#_doActivateExtension vscode.jake {"startup":false,"extensionId":{"value":"vscode.jake","_lower":"vscode.jake"},"activationEvent":"onCommand:workbench.action.tasks.runTask"}
[2022-03-19 22:37:44.936] [exthost] [info] ExtensionService#loadCommonJSModule file:///c:/WebSoft/eclipse/plugins/com.genuitec.eclipse.code.engine.app.win32.x86_64_3.6.0.202002212104/engine/resources/app/extensions/jake/dist/main
[2022-03-19 22:37:44.940] [exthost] [info] ExtensionService#_doActivateExtension vscode.npm {"startup":false,"extensionId":{"value":"vscode.npm","_lower":"vscode.npm"},"activationEvent":"onCommand:workbench.action.tasks.runTask"}
[2022-03-19 22:37:44.940] [exthost] [info] ExtensionService#loadCommonJSModule file:///c:/WebSoft/eclipse/plugins/com.genuitec.eclipse.code.engine.app.win32.x86_64_3.6.0.202002212104/engine/resources/app/extensions/npm/dist/main
[2022-03-19 22:37:44.955] [exthost] [info] ExtensionService#_doActivateExtension vscode.typescript-language-features {"startup":false,"extensionId":{"value":"vscode.typescript-language-features","_lower":"vscode.typescript-language-features"},"activationEvent":"onCommand:workbench.action.tasks.runTask"}
[2022-03-19 22:37:44.955] [exthost] [info] ExtensionService#loadCommonJSModule file:///c:/WebSoft/eclipse/plugins/com.genuitec.eclipse.code.engine.app.win32.x86_64_3.6.0.202002212104/engine/resources/app/extensions/typescript-language-features/dist/extension
